BEGIN 3:alu_if:fast__2:work
    i_rd_addr :  1:rv32i_alu_tb:fast:work
    o_rd_valid :  1:rv32i_alu_tb:fast:work
    i_funct3 :  1:rv32i_alu_tb:fast:work
    o_y :  1:rv32i_alu_tb:fast:work
    i_rs1_addr :  1:rv32i_alu_tb:fast:work
    o_imm :  1:rv32i_alu_tb:fast:work
    i_force_stall :  1:rv32i_alu_tb:fast:work
    o_flush :  1:rv32i_alu_tb:fast:work
    o_wr_rd :  1:rv32i_alu_tb:fast:work
    i_flush :  1:rv32i_alu_tb:fast:work
    i_pc :  1:rv32i_alu_tb:fast:work
    o_rd :  1:rv32i_alu_tb:fast:work
    i_imm :  1:rv32i_alu_tb:fast:work
    o_exception :  1:rv32i_alu_tb:fast:work
    i_alu :  1:rv32i_alu_tb:fast:work
    o_rs2 :  1:rv32i_alu_tb:fast:work
    i_stall :  1:rv32i_alu_tb:fast:work
    o_ce :  1:rv32i_alu_tb:fast:work
    i_exception :  1:rv32i_alu_tb:fast:work
    o_next_pc :  1:rv32i_alu_tb:fast:work
    o_funct3 :  1:rv32i_alu_tb:fast:work
    o_rd_addr :  1:rv32i_alu_tb:fast:work
    o_rs1_addr :  1:rv32i_alu_tb:fast:work
    o_opcode :  1:rv32i_alu_tb:fast:work
    i_rst_n :  1:rv32i_alu_tb:fast:work
    o_rs1 :  1:rv32i_alu_tb:fast:work
    i_ce :  1:rv32i_alu_tb:fast:work
    o_stall_from_alu :  1:rv32i_alu_tb:fast:work
    i_opcode :  1:rv32i_alu_tb:fast:work
    o_pc :  1:rv32i_alu_tb:fast:work
    o_stall :  1:rv32i_alu_tb:fast:work
    o_change_pc :  1:rv32i_alu_tb:fast:work
    i_rs1 :  1:rv32i_alu_tb:fast:work
    i_clk :  1:rv32i_alu_tb:fast:work
    i_rs2 :  1:rv32i_alu_tb:fast:work
END 
BEGIN 1:rv32i_alu:fast:work
    i_stall :  1:rv32i_alu_tb:fast:work
    i_imm :  1:rv32i_alu_tb:fast:work
    i_flush :  1:rv32i_alu_tb:fast:work
    i_opcode :  1:rv32i_alu_tb:fast:work
    i_rst_n :  1:rv32i_alu_tb:fast:work
    alu_add :  1:rv32i_alu_tb:fast:work
    i_pc :  1:rv32i_alu_tb:fast:work
    i_rs1_addr :  1:rv32i_alu_tb:fast:work
    i_ce :  1:rv32i_alu_tb:fast:work
    i_rs2 :  1:rv32i_alu_tb:fast:work
    i_force_stall :  1:rv32i_alu_tb:fast:work
    i_funct3 :  1:rv32i_alu_tb:fast:work
    stall_bit :  1:rv32i_alu_tb:fast:work
    i_exception :  1:rv32i_alu_tb:fast:work
    i_clk :  1:rv32i_alu_tb:fast:work
    i_rd_addr :  1:rv32i_alu_tb:fast:work
    i_rs1 :  1:rv32i_alu_tb:fast:work
END 
BEGIN 3:alu_if:fast__1:work
    i_rs1 :  1:rv32i_alu_tb_sv_unit:fast:work
    i_ce :  1:rv32i_alu_tb_sv_unit:fast:work
    o_stall_from_alu :  1:rv32i_alu_tb_sv_unit:fast:work
    o_rd_valid :  1:rv32i_alu_tb_sv_unit:fast:work
    o_exception :  1:rv32i_alu_tb_sv_unit:fast:work
    o_rd :  1:rv32i_alu_tb_sv_unit:fast:work
    i_exception :  1:rv32i_alu_tb_sv_unit:fast:work
    i_imm :  1:rv32i_alu_tb_sv_unit:fast:work
    i_force_stall :  1:rv32i_alu_tb_sv_unit:fast:work
    o_rs1 :  1:rv32i_alu_tb_sv_unit:fast:work
    o_pc :  1:rv32i_alu_tb_sv_unit:fast:work
    o_ce :  1:rv32i_alu_tb_sv_unit:fast:work
    i_pc :  1:rv32i_alu_tb_sv_unit:fast:work
    i_clk :  1:rv32i_alu_tb_sv_unit:fast:work
    o_imm :  1:rv32i_alu_tb_sv_unit:fast:work
    o_change_pc :  1:rv32i_alu_tb_sv_unit:fast:work
    o_flush :  1:rv32i_alu_tb_sv_unit:fast:work
    i_alu :  1:rv32i_alu_tb_sv_unit:fast:work
    i_rd_addr :  1:rv32i_alu_tb_sv_unit:fast:work
    o_opcode :  1:rv32i_alu_tb_sv_unit:fast:work
    o_rd_addr :  1:rv32i_alu_tb_sv_unit:fast:work
    i_rs2 :  1:rv32i_alu_tb_sv_unit:fast:work
    i_stall :  1:rv32i_alu_tb_sv_unit:fast:work
    o_rs1_addr :  1:rv32i_alu_tb_sv_unit:fast:work
    o_y :  1:rv32i_alu_tb_sv_unit:fast:work
    o_wr_rd :  1:rv32i_alu_tb_sv_unit:fast:work
    i_funct3 :  1:rv32i_alu_tb_sv_unit:fast:work
    i_flush :  1:rv32i_alu_tb_sv_unit:fast:work
    o_rs2 :  1:rv32i_alu_tb_sv_unit:fast:work
    o_next_pc :  1:rv32i_alu_tb_sv_unit:fast:work
    o_stall :  1:rv32i_alu_tb_sv_unit:fast:work
    i_opcode :  1:rv32i_alu_tb_sv_unit:fast:work
    i_rs1_addr :  1:rv32i_alu_tb_sv_unit:fast:work
    o_funct3 :  1:rv32i_alu_tb_sv_unit:fast:work
    i_rst_n :  1:rv32i_alu_tb_sv_unit:fast:work
END 
